Build started 24.05.2011 16:23:01.
     1>Project "D:\compiled\Mainsolution\server\server.vcxproj" on node 2 (build target(s)).
     1>InitializeBuildStatus:
         Creating "Debug\server.unsuccessfulbuild" because "AlwaysCreate" was specified.
       ClCompile:
         All outputs are up-to-date.
       ManifestResourceCompile:
         All outputs are up-to-date.
       Link:
         C:\Program Files\Microsoft Visual Studio 10.0\VC\bin\link.exe /ERRORREPORT:PROMPT /OUT:"D:\compiled\Mainsolution\Debug\server.exe" /INCREMENTAL /NOLOGO kernel32.lib user32.lib gdi32.lib winspool.lib comdlg32.lib advapi32.lib shell32.lib ole32.lib oleaut32.lib uuid.lib odbc32.lib odbccp32.lib /MANIFEST /ManifestFile:"Debug\server.exe.intermediate.manifest" /MANIFESTUAC:"level='asInvoker' uiAccess='false'" /DEBUG /PDB:"D:\compiled\Mainsolution\Debug\server.pdb" /SUBSYSTEM:CONSOLE /TLBID:1 /DYNAMICBASE /NXCOMPAT /IMPLIB:"D:\compiled\Mainsolution\Debug\server.lib" /MACHINE:X86 Debug\server.exe.embed.manifest.res
         Debug\main.obj
       Manifest:
         C:\Program Files\Microsoft SDKs\Windows\v7.0A\bin\mt.exe /nologo /verbose /out:"Debug\server.exe.embed.manifest" /manifest Debug\server.exe.intermediate.manifest
         All outputs are up-to-date.
       LinkEmbedManifest:
         All outputs are up-to-date.
         server.vcxproj -> D:\compiled\Mainsolution\Debug\server.exe
       FinalizeBuildStatus:
         Deleting file "Debug\server.unsuccessfulbuild".
         Touching "Debug\server.lastbuildstate".
     1>Done Building Project "D:\compiled\Mainsolution\server\server.vcxproj" (build target(s)).

Build succeeded.

Time Elapsed 00:00:02.51
